2024-11-18 22:46:21 INFO  Configuration:44 - Configuration loaded for environmentDEV
2024-11-18 22:47:35 INFO  Configuration:44 - Configuration loaded for environmentDEV
2024-11-18 22:51:39 INFO  Configuration:44 - Configuration loaded for environmentDEV
2024-11-18 22:51:43 INFO  BaseTest:32 - Started test with URL https://www.facebook.com/
2024-11-18 22:51:43 INFO  BaseTest:14 - Verifying that the browser is opened and we are navigating to correct URL.
2024-11-19 10:33:31 INFO  ConfigManager:46 - Configuration loaded for environmentDEV
2024-11-19 10:33:40 INFO  BaseTest:32 - Started test with URL https://www.facebook.com/
2024-11-19 10:33:40 INFO  BaseTest:14 - Verifying that the browser is opened and we are navigating to correct URL.
2024-11-19 10:34:06 INFO  ConfigManager:46 - Configuration loaded for environmentDEV
2024-11-19 10:34:09 INFO  BaseTest:32 - Started test with URL https://www.facebook.com/
2024-11-19 10:34:09 INFO  BaseTest:14 - Verifying that the browser is opened and we are navigating to correct URL.
2024-11-19 10:34:18 INFO  ConfigManager:46 - Configuration loaded for environmentDEV
2024-11-19 10:34:23 INFO  BaseTest:32 - Started test with URL https://www.facebook.com/
2024-11-19 10:34:23 INFO  BaseTest:14 - Verifying that the browser is opened and we are navigating to correct URL.
2024-11-19 10:35:25 INFO  ConfigManager:46 - Configuration loaded for environmentDEV
2024-11-19 10:35:28 INFO  BaseTest:32 - Started test with URL https://www.facebook.com/
2024-11-19 10:35:28 INFO  BaseTest:14 - Verifying that the browser is opened and we are navigating to correct URL.
2024-11-19 10:43:41 INFO  ConfigManager:46 - Configuration loaded for environmentDEV
2024-11-19 10:43:45 INFO  BaseTest:32 - Started test with URL https://www.facebook.com/
2024-11-19 10:43:45 INFO  BaseTest:14 - Verifying that the browser is opened and we are navigating to correct URL.
2024-11-19 10:44:14 INFO  ConfigManager:46 - Configuration loaded for environmentDEV
2024-11-19 10:44:18 INFO  BaseTest:32 - Started test with URL https://www.facebook.com/
2024-11-19 10:44:18 INFO  BaseTest:14 - Verifying that the browser is opened and we are navigating to correct URL.
2024-11-19 10:45:41 INFO  ConfigManager:46 - Configuration loaded for environmentDEV
2024-11-19 10:45:45 INFO  BaseTest:32 - Started test with URL https://www.facebook.com/
2024-11-19 10:45:45 INFO  BaseTest:14 - Verifying that the browser is opened and we are navigating to correct URL.
2024-11-19 10:47:20 INFO  ConfigManager:46 - Configuration loaded for environmentDEV
2024-11-19 10:47:24 INFO  BaseTest:32 - Started test with URL https://www.facebook.com/
2024-11-19 10:47:24 INFO  BaseTest:14 - Verifying that the browser is opened and we are navigating to correct URL.
2024-11-19 10:50:23 INFO  ConfigManager:46 - Configuration loaded for environmentDEV
2024-11-19 10:50:26 INFO  BaseTest:32 - Started test with URL https://www.facebook.com/
2024-11-19 10:50:26 INFO  BaseTest:14 - Verifying that the browser is opened and we are navigating to correct URL.
2024-11-19 10:50:44 INFO  ConfigManager:46 - Configuration loaded for environmentDEV
2024-11-19 10:50:48 INFO  BaseTest:32 - Started test with URL https://www.facebook.com/
2024-11-19 10:50:48 INFO  BaseTest:14 - Verifying that the browser is opened and we are navigating to correct URL.
2024-11-19 10:52:32 INFO  ConfigManager:46 - Configuration loaded for environmentDEV
2024-11-19 10:52:40 INFO  BaseTest:32 - Started test with URL https://www.facebook.com/
2024-11-19 10:52:40 INFO  BaseTest:14 - Verifying that the browser is opened and we are navigating to correct URL.
2024-11-19 10:53:34 INFO  ConfigManager:46 - Configuration loaded for environmentTEST
2024-11-19 10:53:37 INFO  BaseTest:32 - Started test with URL https://www.facebook.com/
2024-11-19 10:53:37 INFO  BaseTest:14 - Verifying that the browser is opened and we are navigating to correct URL.
2024-11-19 10:54:10 INFO  ConfigManager:46 - Configuration loaded for environmentDEV
2024-11-19 10:54:14 INFO  BaseTest:32 - Started test with URL https://www.facebook.com/
2024-11-19 10:54:14 INFO  BaseTest:14 - Verifying that the browser is opened and we are navigating to correct URL.
2024-11-19 10:55:44 INFO  ConfigManager:46 - Configuration loaded for environmentDEV
2024-11-19 10:55:47 INFO  BaseTest:32 - Started test with URL https://www.facebook.com/
2024-11-19 10:55:47 INFO  BaseTest:14 - Verifying that the browser is opened and we are navigating to correct URL.
2024-11-19 11:00:59 INFO  ConfigManager:46 - Configuration loaded for environmentDEV
2024-11-19 11:01:30 INFO  ConfigManager:46 - Configuration loaded for environmentDEV
2024-11-19 11:01:35 INFO  BaseTest:32 - Started test with URL https://www.facebook.com/
2024-11-19 11:01:35 INFO  BaseTest:14 - Verifying that the browser is opened and we are navigating to correct URL.
2024-11-19 11:02:00 INFO  ConfigManager:46 - Configuration loaded for environmentDEV
2024-11-19 11:02:05 INFO  BaseTest:32 - Started test with URL https://www.facebook.com/
2024-11-19 11:02:05 INFO  BaseTest:14 - Verifying that the browser is opened and we are navigating to correct URL.
2024-11-19 11:02:22 INFO  ConfigManager:46 - Configuration loaded for environmentDEV
2024-11-19 11:02:27 INFO  BaseTest:32 - Started test with URL https://www.facebook.com/
2024-11-19 11:02:27 INFO  BaseTest:14 - Verifying that the browser is opened and we are navigating to correct URL.
2024-11-19 18:55:36 INFO  ConfigManager:46 - Configuration loaded for environmentDEV
2024-11-19 18:56:03 INFO  ConfigManager:46 - Configuration loaded for environmentDEV
2024-11-19 18:56:09 INFO  BaseTest:32 - Started test with URL https://www.facebook.com/
2024-11-19 18:56:09 INFO  BaseTest:14 - Verifying that the browser is opened and we are navigating to correct URL.
2024-11-19 18:56:24 INFO  ConfigManager:46 - Configuration loaded for environmentDEV
2024-11-19 18:56:47 INFO  ConfigManager:46 - Configuration loaded for environmentDEV
2024-11-19 18:57:13 INFO  ConfigManager:46 - Configuration loaded for environmentDEV
2024-11-19 18:57:19 INFO  BaseTest:32 - Started test with URL https://www.facebook.com/
2024-11-19 18:57:19 INFO  BaseTest:14 - Verifying that the browser is opened and we are navigating to correct URL.
2024-11-19 19:58:24 INFO  ConfigManager:46 - Configuration loaded for environmentDEV
2024-11-19 19:58:32 INFO  BaseTest:32 - Started test with URL https://www.google.com/
2024-11-19 19:58:33 INFO  BaseTest:24 - Verifying that the browser is opened and we are navigating to correct URL.
2024-11-19 20:00:23 INFO  ConfigManager:46 - Configuration loaded for environmentDEV
2024-11-19 20:00:29 INFO  BaseTest:32 - Started test with URL https://www.google.com/
2024-11-19 20:00:29 INFO  BaseTest:24 - Verifying that the browser is opened and we are navigating to correct URL.
2024-11-19 20:01:17 INFO  ConfigManager:46 - Configuration loaded for environmentDEV
2024-11-19 20:01:22 INFO  BaseTest:32 - Started test with URL https://www.google.com/
2024-11-19 20:01:23 INFO  BaseTest:24 - Verifying that the browser is opened and we are navigating to correct URL.
2024-11-19 21:12:50 INFO  ConfigManager:46 - Configuration loaded for environmentDEV
2024-11-19 21:13:00 INFO  BaseTest:32 - Started test with URL https://www.google.com/
2024-11-19 21:13:00 INFO  BaseTest:25 - Verifying that the browser is opened and we are navigating to correct URL.
2024-11-19 21:13:47 INFO  ConfigManager:46 - Configuration loaded for environmentDEV
2024-11-19 21:13:54 INFO  BaseTest:32 - Started test with URL https://www.google.com/
2024-11-19 21:13:54 INFO  BaseTest:25 - Verifying that the browser is opened and we are navigating to correct URL.
2024-11-19 21:14:22 INFO  ConfigManager:46 - Configuration loaded for environmentDEV
2024-11-19 21:14:27 INFO  BaseTest:32 - Started test with URL https://www.google.com/
2024-11-19 21:14:28 INFO  BaseTest:25 - Verifying that the browser is opened and we are navigating to correct URL.
2024-11-19 22:10:46 INFO  ConfigManager:46 - Configuration loaded for environmentDEV
2024-11-19 22:10:51 INFO  BaseTest:32 - Started test with URL https://www.google.com/
2024-11-19 22:10:51 INFO  BaseTest:21 - Verifying that the browser is opened and we are navigating to correct URL.
2024-11-19 22:10:58 INFO  BaseTest:32 - Started test with URL https://www.google.com/
2024-11-19 22:10:58 INFO  BaseTest:35 - Verifying that the browser is opened and we are navigating to correct URL.
2024-11-20 10:16:43 INFO  ConfigManager:46 - Configuration loaded for environmentDEV
2024-11-20 10:16:51 INFO  BaseTest:32 - Started test with URL https://www.google.com/
2024-11-20 10:16:52 INFO  BaseTest:21 - Verifying that the browser is opened and we are navigating to correct URL.
2024-11-20 10:17:38 INFO  ConfigManager:46 - Configuration loaded for environmentDEV
2024-11-20 10:17:41 INFO  BaseTest:32 - Started test with URL https://www.google.com/
2024-11-20 10:17:43 INFO  BaseTest:21 - Verifying that the browser is opened and we are navigating to correct URL.
2024-11-20 10:18:03 INFO  ConfigManager:46 - Configuration loaded for environmentDEV
2024-11-20 10:18:09 INFO  BaseTest:32 - Started test with URL https://www.google.com/
2024-11-20 10:18:09 INFO  BaseTest:21 - Verifying that the browser is opened and we are navigating to correct URL.
2024-11-20 10:18:22 INFO  ConfigManager:46 - Configuration loaded for environmentDEV
2024-11-20 10:18:28 INFO  BaseTest:32 - Started test with URL https://www.google.com/
2024-11-20 10:18:28 INFO  BaseTest:21 - Verifying that the browser is opened and we are navigating to correct URL.
2024-11-20 10:21:11 INFO  ConfigManager:46 - Configuration loaded for environmentDEV
2024-11-20 10:21:14 INFO  BaseTest:32 - Started test with URL https://www.google.com/
2024-11-20 10:21:15 INFO  BaseTest:21 - Verifying that the browser is opened and we are navigating to correct URL.
2024-11-20 11:57:42 INFO  ConfigManager:46 - Configuration loaded for environmentDEV
2024-11-20 11:57:50 INFO  BaseTest:32 - Started test with URL https://www.google.com/
2024-11-20 12:00:40 INFO  ConfigManager:46 - Configuration loaded for environmentTEST
2024-11-20 12:00:45 INFO  BaseTest:32 - Started test with URL https://www.facebook.com/
2024-11-20 12:00:47 INFO  BaseTest:28 - Verifying that the browser is opened and we are navigating to correct URL.
2024-11-20 12:00:47 INFO  BaseTest:34 - Verifying that the userName passe
2024-11-20 12:00:47 INFO  BaseTest:40 - Verifying that the password passed
2024-11-20 12:01:35 INFO  ConfigManager:46 - Configuration loaded for environmentTEST
2024-11-20 12:01:40 INFO  BaseTest:32 - Started test with URL https://www.facebook.com/
2024-11-20 12:01:45 INFO  BaseTest:28 - Verifying that the browser is opened and we are navigating to correct URL.
2024-11-20 12:01:45 INFO  BaseTest:34 - Verifying that the userName passe
2024-11-20 12:01:45 INFO  BaseTest:40 - Verifying that the password passed
2024-11-20 12:02:10 INFO  ConfigManager:46 - Configuration loaded for environmentTEST
2024-11-20 12:02:16 INFO  BaseTest:32 - Started test with URL https://www.facebook.com/
2024-11-20 12:02:21 INFO  BaseTest:28 - Verifying that the browser is opened and we are navigating to correct URL.
2024-11-20 12:02:21 INFO  BaseTest:34 - Verifying that the userName passe
2024-11-20 12:02:21 INFO  BaseTest:40 - Verifying that the password passed
2024-11-20 12:02:42 INFO  ConfigManager:46 - Configuration loaded for environmentTEST
2024-11-20 12:02:47 INFO  BaseTest:32 - Started test with URL https://www.facebook.com/
2024-11-20 12:02:57 INFO  BaseTest:28 - Verifying that the browser is opened and we are navigating to correct URL.
2024-11-20 12:02:57 INFO  BaseTest:34 - Verifying that the userName passe
2024-11-20 12:02:57 INFO  BaseTest:40 - Verifying that the password passed
2024-11-20 12:04:27 INFO  ConfigManager:46 - Configuration loaded for environmentTEST
2024-11-20 12:04:32 INFO  BaseTest:32 - Started test with URL https://www.facebook.com/
2024-11-20 12:04:34 INFO  BaseTest:28 - Verifying that the browser is opened and we are navigating to correct URL.
2024-11-20 12:04:34 INFO  BaseTest:34 - Verifying that the userName passe
2024-11-20 12:04:36 INFO  BaseTest:40 - Verifying that the password passed
2024-11-20 12:13:34 INFO  ConfigManager:46 - Configuration loaded for environmentTEST
2024-11-20 12:13:39 INFO  BaseTest:32 - Started test with URL https://www.facebook.com/
2024-11-20 12:13:41 INFO  BaseTest:29 - Verifying that the browser is opened and we are navigating to correct URL.
2024-11-20 12:13:41 INFO  BaseTest:35 - Verifying that the userName passe
2024-11-20 12:13:43 INFO  BaseTest:41 - Verifying that the password passed
2024-11-20 12:19:28 INFO  ConfigManager:46 - Configuration loaded for environmentTEST
2024-11-20 12:19:32 INFO  BaseTest:32 - Started test with URL https://www.facebook.com/
2024-11-20 12:19:34 INFO  BaseTest:29 - Verifying that the browser is opened and we are navigating to correct URL.
2024-11-20 12:19:34 INFO  BaseTest:35 - Verifying that the userName passe
2024-11-20 12:19:36 INFO  BaseTest:41 - Verifying that the password passed
2024-11-20 12:20:34 INFO  ConfigManager:46 - Configuration loaded for environmentTEST
2024-11-20 12:20:39 INFO  BaseTest:32 - Started test with URL https://www.facebook.com/
2024-11-20 12:20:41 INFO  BaseTest:29 - Verifying that the browser is opened and we are navigating to correct URL.
2024-11-20 12:20:41 INFO  BaseTest:35 - Verifying that the userName passe
2024-11-20 12:20:43 INFO  BaseTest:41 - Verifying that the password passed
2024-11-20 12:21:43 INFO  ConfigManager:46 - Configuration loaded for environmentTEST
2024-11-20 12:21:47 INFO  BaseTest:32 - Started test with URL https://www.facebook.com/
2024-11-20 12:21:49 INFO  BaseTest:29 - Verifying that the browser is opened and we are navigating to correct URL.
2024-11-20 12:21:49 INFO  BaseTest:35 - Verifying that the userName passe
2024-11-20 12:21:51 INFO  BaseTest:41 - Verifying that the password passed
2024-11-20 12:22:35 INFO  ConfigManager:46 - Configuration loaded for environmentTEST
2024-11-20 12:22:40 INFO  BaseTest:32 - Started test with URL https://www.facebook.com/
2024-11-20 12:22:42 INFO  BaseTest:29 - Verifying that the browser is opened and we are navigating to correct URL.
2024-11-20 12:22:42 INFO  BaseTest:35 - Verifying that the userName passe
2024-11-20 12:22:44 INFO  BaseTest:41 - Verifying that the password passed
2024-11-20 12:44:20 INFO  ConfigManager:46 - Configuration loaded for environmentTEST
2024-11-20 12:44:25 INFO  BaseTest:32 - Started test with URL https://www.facebook.com/
2024-11-20 12:49:03 INFO  ConfigManager:46 - Configuration loaded for environmentTEST
2024-11-20 12:49:07 INFO  BaseTest:32 - Started test with URL https://www.facebook.com/
2024-11-20 12:49:07 INFO  BaseTest:21 - Verifying that the browser is opened and we are navigating to correct URL.
2024-11-20 12:49:08 INFO  BaseTest:28 - Verifying that the userName passe
2024-11-20 12:49:11 INFO  BaseTest:34 - Verifying that the password passed
2024-11-21 18:42:43 INFO  ConfigManager:46 - Configuration loaded for environmentTEST
2024-11-21 18:42:53 INFO  BaseTest:32 - Started test with URL https://www.facebook.com/
2024-11-21 18:42:53 INFO  BaseTest:21 - Verifying that the browser is opened and we are navigating to correct URL.
2024-11-21 18:42:54 INFO  BaseTest:28 - Verifying that the userName passe
2024-11-21 18:42:57 INFO  BaseTest:34 - Verifying that the password passed
2024-11-21 18:43:41 INFO  ConfigManager:46 - Configuration loaded for environmentTEST
2024-11-21 18:43:46 INFO  BaseTest:32 - Started test with URL https://www.facebook.com/
2024-11-21 18:43:47 INFO  BaseTest:21 - Verifying that the browser is opened and we are navigating to correct URL.
2024-11-21 18:43:47 INFO  BaseTest:28 - Verifying that the userName passe
2024-11-21 18:43:50 INFO  BaseTest:34 - Verifying that the password passed
